<?xml version="1.0" encoding="UTF-8"?>
<!-- Generated by org.testng.reporters.JUnitReportReporter -->
<testsuite hostname="LAPTOP-C3ULJPGS" failures="0" tests="1" name="baseclass.sm" time="0.052" errors="0" timestamp="2022-07-19T09:47:12 IST" skipped="0">
  <testcase classname="baseclass.sm" name="testse" time="0.052"/>
  <system-out/>
</testsuite> <!-- baseclass.sm -->
